-------------------------------------------------------------------------------
Test set: dev.michaelcao512.socialmedia.UnitTesting.UserInfoTest
-------------------------------------------------------------------------------
Tests run: 4, Failures: 0, Errors: 1, Skipped: 0, Time elapsed: 0.066 s <<< FAILURE! -- in dev.michaelcao512.socialmedia.UnitTesting.UserInfoTest
dev.michaelcao512.socialmedia.UnitTesting.UserInfoTest.getUserInfo -- Time elapsed: 0.009 s <<< ERROR!
java.lang.IllegalArgumentException: User info not found
	at dev.michaelcao512.socialmedia.Services.UserInfoService.getUserInfo(UserInfoService.java:43)
	at dev.michaelcao512.socialmedia.UnitTesting.UserInfoTest.getUserInfo(UserInfoTest.java:118)
	at java.base/java.lang.reflect.Method.invoke(Method.java:580)
	at java.base/java.util.ArrayList.forEach(ArrayList.java:1597)
	at java.base/java.util.ArrayList.forEach(ArrayList.java:1597)

